Fetching registry information from https://github.com/microsoft/vcpkg (HEAD)...
Detecting compiler hash for triplet x64-osx...
Compiler found: /Library/Developer/CommandLineTools/usr/bin/c++
The following packages will be built and installed:
    fmt:x64-osx@11.0.2#1 -- /Users/cmpark/.cache/vcpkg/registries/git-trees/07a73a7565e5de9eb42e90c16c133bdfdfebbcda
  * vcpkg-cmake:x64-osx@2024-04-23 -- /Users/cmpark/.cache/vcpkg/registries/git-trees/e74aa1e8f93278a8e71372f1fa08c3df420eb840
  * vcpkg-cmake-config:x64-osx@2024-05-23 -- /Users/cmpark/.cache/vcpkg/registries/git-trees/97a63e4bc1a17422ffe4eff71da53b4b561a7841
Additional packages (*) will be modified to complete this operation.
Restored 3 package(s) from /Users/cmpark/.cache/vcpkg/archives in 101 ms. Use --debug to see more details.
Installing 1/3 vcpkg-cmake-config:x64-osx@2024-05-23...
Elapsed time to handle vcpkg-cmake-config:x64-osx: 11.9 ms
vcpkg-cmake-config:x64-osx package ABI: ed6dc56228df90440d96694f0cf52ee9f8e447ec615988e4aab07dfce4f20819
Installing 2/3 vcpkg-cmake:x64-osx@2024-04-23...
Elapsed time to handle vcpkg-cmake:x64-osx: 18.9 ms
vcpkg-cmake:x64-osx package ABI: 323a7a638fbc53f4eb03332e781c195f76ecef48f84f5e7c8fc47b5b36665d26
Installing 3/3 fmt:x64-osx@11.0.2#1...
Elapsed time to handle fmt:x64-osx: 85.7 ms
fmt:x64-osx package ABI: 4b128427eb2cfbc8b67135c1e08ed8e3a3db5f6bc3fa03513738b14a40de994d
Total install time: 119 ms
The package fmt provides CMake targets:

    find_package(fmt CONFIG REQUIRED)
    target_link_libraries(main PRIVATE fmt::fmt)

    # Or use the header-only version
    find_package(fmt CONFIG REQUIRED)
    target_link_libraries(main PRIVATE fmt::fmt-header-only)

